<?xml version="1.0" encoding="UTF-8"?>
<coverage generated="1484795749">
  <project timestamp="1484795749">
    <package name="Folklore\GraphQL\Console">
      <file name="/Users/dmp/Code/laravel-graphql/src/Folklore/GraphQL/Console/FieldMakeCommand.php">
        <class name="FieldMakeCommand" namespace="Folklore\GraphQL\Console">
          <metrics complexity="4" methods="4" coveredmethods="4" conditionals="0" coveredconditionals="0" statements="9" coveredstatements="9" elements="13" coveredelements="13"/>
        </class>
        <line num="33" type="method" name="getStub" visibility="protected" complexity="1" crap="1" count="1"/>
        <line num="35" type="stmt" count="1"/>
        <line num="44" type="method" name="getDefaultNamespace" visibility="protected" complexity="1" crap="1" count="1"/>
        <line num="46" type="stmt" count="1"/>
        <line num="55" type="method" name="buildClass" visibility="protected" complexity="1" crap="1" count="1"/>
        <line num="57" type="stmt" count="1"/>
        <line num="59" type="stmt" count="1"/>
        <line num="69" type="method" name="replaceType" visibility="protected" complexity="1" crap="1" count="1"/>
        <line num="71" type="stmt" count="1"/>
        <line num="72" type="stmt" count="1"/>
        <line num="73" type="stmt" count="1"/>
        <line num="74" type="stmt" count="1"/>
        <line num="78" type="stmt" count="1"/>
        <metrics loc="80" ncloc="41" classes="1" methods="4" coveredmethods="4" conditionals="0" coveredconditionals="0" statements="9" coveredstatements="9" elements="13" coveredelements="13"/>
      </file>
      <file name="/Users/dmp/Code/laravel-graphql/src/Folklore/GraphQL/Console/GeneratorCommand.php">
        <class name="GeneratorCommand" namespace="Folklore\GraphQL\Console">
          <metrics complexity="0" methods="0" coveredmethods="0" conditionals="0" coveredconditionals="0" statements="0" coveredstatements="0" elements="0" coveredelements="0"/>
        </class>
        <metrics loc="10" ncloc="10" classes="0" methods="0" coveredmethods="0" conditionals="0" coveredconditionals="0" statements="0" coveredstatements="0" elements="0" coveredelements="0"/>
      </file>
      <file name="/Users/dmp/Code/laravel-graphql/src/Folklore/GraphQL/Console/MutationMakeCommand.php">
        <class name="MutationMakeCommand" namespace="Folklore\GraphQL\Console">
          <metrics complexity="4" methods="4" coveredmethods="4" conditionals="0" coveredconditionals="0" statements="9" coveredstatements="9" elements="13" coveredelements="13"/>
        </class>
        <line num="33" type="method" name="getStub" visibility="protected" complexity="1" crap="1" count="1"/>
        <line num="35" type="stmt" count="1"/>
        <line num="44" type="method" name="getDefaultNamespace" visibility="protected" complexity="1" crap="1" count="1"/>
        <line num="46" type="stmt" count="1"/>
        <line num="55" type="method" name="buildClass" visibility="protected" complexity="1" crap="1" count="1"/>
        <line num="57" type="stmt" count="1"/>
        <line num="59" type="stmt" count="1"/>
        <line num="69" type="method" name="replaceType" visibility="protected" complexity="1" crap="1" count="1"/>
        <line num="71" type="stmt" count="1"/>
        <line num="72" type="stmt" count="1"/>
        <line num="73" type="stmt" count="1"/>
        <line num="74" type="stmt" count="1"/>
        <line num="78" type="stmt" count="1"/>
        <metrics loc="80" ncloc="41" classes="1" methods="4" coveredmethods="4" conditionals="0" coveredconditionals="0" statements="9" coveredstatements="9" elements="13" coveredelements="13"/>
      </file>
      <file name="/Users/dmp/Code/laravel-graphql/src/Folklore/GraphQL/Console/PublishCommand.php">
        <class name="PublishCommand" namespace="Folklore\GraphQL\Console">
          <metrics complexity="9" methods="0" coveredmethods="0" conditionals="0" coveredconditionals="0" statements="0" coveredstatements="0" elements="0" coveredelements="0"/>
        </class>
        <metrics loc="100" ncloc="62" classes="0" methods="0" coveredmethods="0" conditionals="0" coveredconditionals="0" statements="0" coveredstatements="0" elements="0" coveredelements="0"/>
      </file>
      <file name="/Users/dmp/Code/laravel-graphql/src/Folklore/GraphQL/Console/QueryMakeCommand.php">
        <class name="QueryMakeCommand" namespace="Folklore\GraphQL\Console">
          <metrics complexity="4" methods="4" coveredmethods="4" conditionals="0" coveredconditionals="0" statements="9" coveredstatements="9" elements="13" coveredelements="13"/>
        </class>
        <line num="33" type="method" name="getStub" visibility="protected" complexity="1" crap="1" count="1"/>
        <line num="35" type="stmt" count="1"/>
        <line num="44" type="method" name="getDefaultNamespace" visibility="protected" complexity="1" crap="1" count="1"/>
        <line num="46" type="stmt" count="1"/>
        <line num="55" type="method" name="buildClass" visibility="protected" complexity="1" crap="1" count="1"/>
        <line num="57" type="stmt" count="1"/>
        <line num="59" type="stmt" count="1"/>
        <line num="69" type="method" name="replaceType" visibility="protected" complexity="1" crap="1" count="1"/>
        <line num="71" type="stmt" count="1"/>
        <line num="72" type="stmt" count="1"/>
        <line num="73" type="stmt" count="1"/>
        <line num="74" type="stmt" count="1"/>
        <line num="78" type="stmt" count="1"/>
        <metrics loc="80" ncloc="41" classes="1" methods="4" coveredmethods="4" conditionals="0" coveredconditionals="0" statements="9" coveredstatements="9" elements="13" coveredelements="13"/>
      </file>
      <file name="/Users/dmp/Code/laravel-graphql/src/Folklore/GraphQL/Console/SchemaCommand.php">
        <class name="SchemaCommand" namespace="Folklore\GraphQL\Console">
          <metrics complexity="6" methods="2" coveredmethods="2" conditionals="0" coveredconditionals="0" statements="16" coveredstatements="16" elements="18" coveredelements="18"/>
        </class>
        <line num="35" type="method" name="__construct" visibility="public" complexity="1" crap="1" count="6"/>
        <line num="37" type="stmt" count="6"/>
        <line num="39" type="stmt" count="6"/>
        <line num="40" type="stmt" count="6"/>
        <line num="47" type="method" name="handle" visibility="public" complexity="5" crap="5" count="1"/>
        <line num="49" type="stmt" count="1"/>
        <line num="50" type="stmt" count="1"/>
        <line num="51" type="stmt" count="1"/>
        <line num="54" type="stmt" count="1"/>
        <line num="55" type="stmt" count="1"/>
        <line num="57" type="stmt" count="1"/>
        <line num="62" type="stmt" count="1"/>
        <line num="63" type="stmt" count="1"/>
        <line num="64" type="stmt" count="1"/>
        <line num="65" type="stmt" count="1"/>
        <line num="70" type="stmt" count="1"/>
        <line num="71" type="stmt" count="1"/>
        <line num="72" type="stmt" count="1"/>
        <metrics loc="73" ncloc="53" classes="1" methods="2" coveredmethods="2" conditionals="0" coveredconditionals="0" statements="16" coveredstatements="16" elements="18" coveredelements="18"/>
      </file>
      <file name="/Users/dmp/Code/laravel-graphql/src/Folklore/GraphQL/Console/TypeMakeCommand.php">
        <class name="TypeMakeCommand" namespace="Folklore\GraphQL\Console">
          <metrics complexity="5" methods="4" coveredmethods="4" conditionals="0" coveredconditionals="0" statements="12" coveredstatements="12" elements="16" coveredelements="16"/>
        </class>
        <line num="33" type="method" name="getStub" visibility="protected" complexity="2" crap="2" count="2"/>
        <line num="35" type="stmt" count="2"/>
        <line num="36" type="stmt" count="1"/>
        <line num="38" type="stmt" count="1"/>
        <line num="47" type="method" name="getDefaultNamespace" visibility="protected" complexity="1" crap="1" count="2"/>
        <line num="49" type="stmt" count="2"/>
        <line num="58" type="method" name="buildClass" visibility="protected" complexity="1" crap="1" count="2"/>
        <line num="60" type="stmt" count="2"/>
        <line num="61" type="stmt" count="2"/>
        <line num="63" type="stmt" count="2"/>
        <line num="73" type="method" name="replaceType" visibility="protected" complexity="1" crap="1" count="2"/>
        <line num="75" type="stmt" count="2"/>
        <line num="76" type="stmt" count="2"/>
        <line num="77" type="stmt" count="2"/>
        <line num="78" type="stmt" count="2"/>
        <line num="82" type="stmt" count="2"/>
        <metrics loc="84" ncloc="45" classes="1" methods="4" coveredmethods="4" conditionals="0" coveredconditionals="0" statements="12" coveredstatements="12" elements="16" coveredelements="16"/>
      </file>
    </package>
    <package name="Folklore\GraphQL">
      <file name="/Users/dmp/Code/laravel-graphql/src/Folklore/GraphQL/Controller.php">
        <class name="Controller" namespace="Folklore\GraphQL">
          <metrics complexity="0" methods="0" coveredmethods="0" conditionals="0" coveredconditionals="0" statements="0" coveredstatements="0" elements="0" coveredelements="0"/>
        </class>
        <line num="6" type="stmt" count="0"/>
        <line num="13" type="stmt" count="0"/>
        <metrics loc="27" ncloc="27" classes="0" methods="0" coveredmethods="0" conditionals="0" coveredconditionals="0" statements="2" coveredstatements="0" elements="2" coveredelements="0"/>
      </file>
      <file name="/Users/dmp/Code/laravel-graphql/src/Folklore/GraphQL/GraphQL.php">
        <class name="GraphQL" namespace="Folklore\GraphQL">
          <metrics complexity="74" methods="33" coveredmethods="32" conditionals="0" coveredconditionals="0" statements="154" coveredstatements="151" elements="187" coveredelements="183"/>
        </class>
        <line num="27" type="method" name="__construct" visibility="public" complexity="1" crap="1" count="6"/>
        <line num="29" type="stmt" count="6"/>
        <line num="30" type="stmt" count="6"/>
        <line num="32" type="method" name="schema" visibility="public" complexity="10" crap="10" count="6"/>
        <line num="34" type="stmt" count="6"/>
        <line num="35" type="stmt" count="1"/>
        <line num="39" type="stmt" count="5"/>
        <line num="40" type="stmt" count="5"/>
        <line num="41" type="stmt" count="1"/>
        <line num="43" type="stmt" count="4"/>
        <line num="46" type="stmt" count="4"/>
        <line num="47" type="stmt" count="4"/>
        <line num="48" type="stmt" count="4"/>
        <line num="51" type="stmt" count="4"/>
        <line num="54" type="stmt" count="4"/>
        <line num="55" type="stmt" count="4"/>
        <line num="56" type="stmt" count="1"/>
        <line num="57" type="stmt" count="1"/>
        <line num="58" type="stmt" count="1"/>
        <line num="60" type="stmt" count="1"/>
        <line num="61" type="stmt" count="1"/>
        <line num="64" type="stmt" count="3"/>
        <line num="65" type="stmt" count="3"/>
        <line num="70" type="stmt" count="4"/>
        <line num="72" type="stmt" count="4"/>
        <line num="75" type="stmt" count="4"/>
        <line num="77" type="stmt" count="4"/>
        <line num="79" type="stmt" count="4"/>
        <line num="80" type="stmt" count="4"/>
        <line num="81" type="stmt" count="4"/>
        <line num="82" type="stmt" count="4"/>
        <line num="86" type="method" name="type" visibility="public" complexity="4" crap="4" count="3"/>
        <line num="88" type="stmt" count="3"/>
        <line num="89" type="stmt" count="1"/>
        <line num="92" type="stmt" count="2"/>
        <line num="93" type="stmt" count="2"/>
        <line num="96" type="stmt" count="2"/>
        <line num="97" type="stmt" count="2"/>
        <line num="98" type="stmt" count="2"/>
        <line num="100" type="stmt" count="2"/>
        <line num="102" type="stmt" count="2"/>
        <line num="105" type="method" name="objectType" visibility="public" complexity="6" crap="6" count="4"/>
        <line num="110" type="stmt" count="4"/>
        <line num="111" type="stmt" count="4"/>
        <line num="112" type="stmt" count="1"/>
        <line num="113" type="stmt" count="1"/>
        <line num="114" type="stmt" count="1"/>
        <line num="115" type="stmt" count="1"/>
        <line num="117" type="stmt" count="1"/>
        <line num="118" type="stmt" count="1"/>
        <line num="121" type="stmt" count="3"/>
        <line num="122" type="stmt" count="2"/>
        <line num="124" type="stmt" count="2"/>
        <line num="127" type="stmt" count="4"/>
        <line num="130" type="method" name="query" visibility="public" complexity="2" crap="2.50" count="1"/>
        <line num="132" type="stmt" count="1"/>
        <line num="134" type="stmt" count="1"/>
        <line num="135" type="stmt" count="0"/>
        <line num="138" type="stmt" count="0"/>
        <line num="139" type="stmt" count="0"/>
        <line num="143" type="stmt" count="1"/>
        <line num="148" type="method" name="queryAndReturnResult" visibility="public" complexity="1" crap="1" count="1"/>
        <line num="150" type="stmt" count="1"/>
        <line num="151" type="stmt" count="1"/>
        <line num="152" type="stmt" count="1"/>
        <line num="153" type="stmt" count="1"/>
        <line num="155" type="stmt" count="1"/>
        <line num="157" type="stmt" count="1"/>
        <line num="159" type="stmt" count="1"/>
        <line num="162" type="method" name="introspection" visibility="public" complexity="4" crap="4" count="2"/>
        <line num="164" type="stmt" count="2"/>
        <line num="165" type="stmt" count="2"/>
        <line num="168" type="stmt" count="2"/>
        <line num="170" type="stmt" count="2"/>
        <line num="171" type="stmt" count="2"/>
        <line num="172" type="stmt" count="2"/>
        <line num="175" type="stmt" count="2"/>
        <line num="176" type="stmt" count="2"/>
        <line num="179" type="stmt" count="2"/>
        <line num="180" type="stmt" count="2"/>
        <line num="183" type="stmt" count="2"/>
        <line num="186" type="method" name="introspectionQuery" visibility="public" complexity="2" crap="2" count="2"/>
        <line num="188" type="stmt" count="2"/>
        <line num="189" type="stmt" count="2"/>
        <line num="192" type="stmt" count="2"/>
        <line num="195" type="method" name="setIntrospectionQuery" visibility="public" complexity="1" crap="1" count="1"/>
        <line num="197" type="stmt" count="1"/>
        <line num="198" type="stmt" count="1"/>
        <line num="200" type="method" name="loadIntrospectionQuery" visibility="protected" complexity="2" crap="2" count="2"/>
        <line num="202" type="stmt" count="2"/>
        <line num="203" type="stmt" count="2"/>
        <line num="204" type="stmt" count="2"/>
        <line num="205" type="stmt" count="2"/>
        <line num="207" type="stmt" count="2"/>
        <line num="210" type="method" name="routerSchemaPattern" visibility="public" complexity="1" crap="1" count="7"/>
        <line num="212" type="stmt" count="7"/>
        <line num="213" type="stmt" count="7"/>
        <line num="216" type="method" name="addTypes" visibility="public" complexity="3" crap="3" count="7"/>
        <line num="218" type="stmt" count="7"/>
        <line num="219" type="stmt" count="7"/>
        <line num="221" type="stmt" count="7"/>
        <line num="223" type="method" name="addType" visibility="public" complexity="2" crap="2" count="8"/>
        <line num="225" type="stmt" count="8"/>
        <line num="226" type="stmt" count="8"/>
        <line num="228" type="stmt" count="8"/>
        <line num="229" type="stmt" count="8"/>
        <line num="231" type="stmt" count="8"/>
        <line num="233" type="method" name="addSchemas" visibility="public" complexity="2" crap="2" count="7"/>
        <line num="235" type="stmt" count="7"/>
        <line num="236" type="stmt" count="7"/>
        <line num="238" type="stmt" count="7"/>
        <line num="240" type="method" name="addSchema" visibility="public" complexity="2" crap="2" count="7"/>
        <line num="242" type="stmt" count="7"/>
        <line num="244" type="stmt" count="7"/>
        <line num="245" type="stmt" count="7"/>
        <line num="247" type="stmt" count="7"/>
        <line num="249" type="method" name="clearType" visibility="public" complexity="2" crap="2" count="1"/>
        <line num="251" type="stmt" count="1"/>
        <line num="252" type="stmt" count="1"/>
        <line num="254" type="stmt" count="1"/>
        <line num="256" type="method" name="clearSchema" visibility="public" complexity="2" crap="2" count="1"/>
        <line num="258" type="stmt" count="1"/>
        <line num="259" type="stmt" count="1"/>
        <line num="261" type="stmt" count="1"/>
        <line num="263" type="method" name="clearTypes" visibility="public" complexity="1" crap="1" count="1"/>
        <line num="265" type="stmt" count="1"/>
        <line num="266" type="stmt" count="1"/>
        <line num="268" type="method" name="clearSchemas" visibility="public" complexity="1" crap="1" count="1"/>
        <line num="270" type="stmt" count="1"/>
        <line num="271" type="stmt" count="1"/>
        <line num="273" type="method" name="getTypes" visibility="public" complexity="1" crap="1" count="1"/>
        <line num="275" type="stmt" count="1"/>
        <line num="278" type="method" name="getSchemas" visibility="public" complexity="1" crap="1" count="7"/>
        <line num="280" type="stmt" count="7"/>
        <line num="283" type="method" name="setDefaultSchema" visibility="public" complexity="1" crap="1" count="7"/>
        <line num="285" type="stmt" count="7"/>
        <line num="286" type="stmt" count="7"/>
        <line num="288" type="method" name="getDefaultSchema" visibility="public" complexity="1" crap="1" count="2"/>
        <line num="290" type="stmt" count="2"/>
        <line num="293" type="method" name="setMaxQueryComplexity" visibility="public" complexity="1" crap="1" count="1"/>
        <line num="295" type="stmt" count="1"/>
        <line num="296" type="stmt" count="1"/>
        <line num="297" type="stmt" count="1"/>
        <line num="300" type="method" name="setMaxQueryDepth" visibility="public" complexity="1" crap="1" count="2"/>
        <line num="302" type="stmt" count="2"/>
        <line num="303" type="stmt" count="2"/>
        <line num="304" type="stmt" count="2"/>
        <line num="307" type="method" name="getMaxQueryComplexity" visibility="public" complexity="1" crap="1" count="1"/>
        <line num="309" type="stmt" count="1"/>
        <line num="310" type="stmt" count="1"/>
        <line num="313" type="method" name="getMaxQueryDepth" visibility="public" complexity="1" crap="1" count="2"/>
        <line num="315" type="stmt" count="2"/>
        <line num="316" type="stmt" count="2"/>
        <line num="319" type="method" name="clearTypeInstances" visibility="protected" complexity="1" crap="1" count="1"/>
        <line num="321" type="stmt" count="1"/>
        <line num="322" type="stmt" count="1"/>
        <line num="324" type="method" name="buildObjectTypeFromClass" visibility="protected" complexity="3" crap="3" count="2"/>
        <line num="326" type="stmt" count="2"/>
        <line num="327" type="stmt" count="2"/>
        <line num="330" type="stmt" count="2"/>
        <line num="331" type="stmt" count="2"/>
        <line num="334" type="stmt" count="2"/>
        <line num="337" type="method" name="buildObjectTypeFromFields" visibility="protected" complexity="5" crap="5" count="2"/>
        <line num="339" type="stmt" count="2"/>
        <line num="340" type="stmt" count="2"/>
        <line num="341" type="stmt" count="2"/>
        <line num="342" type="stmt" count="2"/>
        <line num="343" type="stmt" count="2"/>
        <line num="344" type="stmt" count="2"/>
        <line num="345" type="stmt" count="2"/>
        <line num="347" type="stmt" count="1"/>
        <line num="348" type="stmt" count="1"/>
        <line num="350" type="stmt" count="2"/>
        <line num="353" type="stmt" count="2"/>
        <line num="354" type="stmt" count="2"/>
        <line num="358" type="method" name="getTypeName" visibility="protected" complexity="3" crap="3" count="7"/>
        <line num="360" type="stmt" count="7"/>
        <line num="361" type="stmt" count="7"/>
        <line num="364" type="stmt" count="1"/>
        <line num="365" type="stmt" count="1"/>
        <line num="368" type="method" name="formatError" visibility="public" complexity="4" crap="4" count="2"/>
        <line num="371" type="stmt" count="2"/>
        <line num="374" type="stmt" count="2"/>
        <line num="375" type="stmt" count="2"/>
        <line num="376" type="method" name="anonymous function" complexity="1" crap="1" count="1"/>
        <line num="377" type="stmt" count="1"/>
        <line num="378" type="stmt" count="1"/>
        <line num="381" type="stmt" count="2"/>
        <line num="382" type="stmt" count="2"/>
        <line num="383" type="stmt" count="1"/>
        <line num="386" type="stmt" count="2"/>
        <metrics loc="388" ncloc="370" classes="1" methods="33" coveredmethods="32" conditionals="0" coveredconditionals="0" statements="158" coveredstatements="155" elements="191" coveredelements="187"/>
      </file>
      <file name="/Users/dmp/Code/laravel-graphql/src/Folklore/GraphQL/GraphQLController.php">
        <class name="GraphQLController" namespace="Folklore\GraphQL">
          <metrics complexity="5" methods="0" coveredmethods="0" conditionals="0" coveredconditionals="0" statements="0" coveredstatements="0" elements="0" coveredelements="0"/>
        </class>
        <metrics loc="43" ncloc="41" classes="0" methods="0" coveredmethods="0" conditionals="0" coveredconditionals="0" statements="0" coveredstatements="0" elements="0" coveredelements="0"/>
      </file>
      <file name="/Users/dmp/Code/laravel-graphql/src/Folklore/GraphQL/LumenServiceProvider.php">
        <class name="LumenServiceProvider" namespace="Folklore\GraphQL">
          <metrics complexity="7" methods="6" coveredmethods="0" conditionals="0" coveredconditionals="0" statements="18" coveredstatements="0" elements="24" coveredelements="0"/>
        </class>
        <line num="12" type="method" name="getRouter" visibility="protected" complexity="1" crap="2" count="0"/>
        <line num="14" type="stmt" count="0"/>
        <line num="22" type="method" name="boot" visibility="public" complexity="1" crap="2" count="0"/>
        <line num="24" type="stmt" count="0"/>
        <line num="26" type="stmt" count="0"/>
        <line num="28" type="stmt" count="0"/>
        <line num="30" type="stmt" count="0"/>
        <line num="32" type="stmt" count="0"/>
        <line num="33" type="stmt" count="0"/>
        <line num="40" type="method" name="bootPublishes" visibility="protected" complexity="1" crap="2" count="0"/>
        <line num="42" type="stmt" count="0"/>
        <line num="43" type="stmt" count="0"/>
        <line num="44" type="stmt" count="0"/>
        <line num="45" type="stmt" count="0"/>
        <line num="46" type="stmt" count="0"/>
        <line num="53" type="method" name="registerGraphQL" visibility="public" complexity="2" crap="6" count="0"/>
        <line num="56" type="stmt" count="0"/>
        <line num="57" type="stmt" count="0"/>
        <line num="60" type="stmt" count="0"/>
        <line num="61" type="stmt" count="0"/>
        <line num="66" type="method" name="registerCommands" visibility="public" complexity="1" crap="2" count="0"/>
        <line num="68" type="stmt" count="0"/>
        <line num="70" type="method" name="anonymous function" complexity="1" crap="2" count="0"/>
        <line num="72" type="stmt" count="0"/>
        <line num="74" type="stmt" count="0"/>
        <line num="75" type="stmt" count="0"/>
        <metrics loc="76" ncloc="51" classes="1" methods="6" coveredmethods="0" conditionals="0" coveredconditionals="0" statements="20" coveredstatements="0" elements="26" coveredelements="0"/>
      </file>
      <file name="/Users/dmp/Code/laravel-graphql/src/Folklore/GraphQL/ServiceProvider.php">
        <class name="ServiceProvider" namespace="Folklore\GraphQL">
          <metrics complexity="23" methods="17" coveredmethods="16" conditionals="0" coveredconditionals="0" statements="83" coveredstatements="82" elements="100" coveredelements="98"/>
        </class>
        <line num="12" type="method" name="getRouter" visibility="protected" complexity="1" crap="1" count="6"/>
        <line num="14" type="stmt" count="6"/>
        <line num="22" type="method" name="boot" visibility="public" complexity="1" crap="1" count="11"/>
        <line num="24" type="stmt" count="11"/>
        <line num="26" type="stmt" count="11"/>
        <line num="28" type="stmt" count="11"/>
        <line num="30" type="stmt" count="11"/>
        <line num="32" type="stmt" count="11"/>
        <line num="34" type="stmt" count="11"/>
        <line num="35" type="stmt" count="11"/>
        <line num="42" type="method" name="bootPublishes" visibility="protected" complexity="1" crap="1" count="6"/>
        <line num="44" type="stmt" count="6"/>
        <line num="45" type="stmt" count="6"/>
        <line num="46" type="stmt" count="6"/>
        <line num="48" type="stmt" count="6"/>
        <line num="50" type="stmt" count="6"/>
        <line num="52" type="stmt" count="6"/>
        <line num="53" type="stmt" count="6"/>
        <line num="54" type="stmt" count="6"/>
        <line num="56" type="stmt" count="6"/>
        <line num="57" type="stmt" count="6"/>
        <line num="58" type="stmt" count="6"/>
        <line num="60" type="stmt" count="6"/>
        <line num="61" type="stmt" count="6"/>
        <line num="62" type="stmt" count="6"/>
        <line num="63" type="stmt" count="6"/>
        <line num="70" type="method" name="bootRouter" visibility="protected" complexity="2" crap="2" count="7"/>
        <line num="72" type="stmt" count="7"/>
        <line num="73" type="stmt" count="7"/>
        <line num="78" type="stmt" count="7"/>
        <line num="79" type="stmt" count="7"/>
        <line num="82" type="stmt" count="7"/>
        <line num="83" type="stmt" count="7"/>
        <line num="85" type="stmt" count="7"/>
        <line num="92" type="method" name="bootViews" visibility="protected" complexity="2" crap="2" count="7"/>
        <line num="94" type="stmt" count="7"/>
        <line num="95" type="stmt" count="7"/>
        <line num="96" type="stmt" count="7"/>
        <line num="97" type="stmt" count="7"/>
        <line num="98" type="stmt" count="7"/>
        <line num="99" type="stmt" count="7"/>
        <line num="101" type="stmt" count="7"/>
        <line num="108" type="method" name="bootSchemas" visibility="protected" complexity="1" crap="1" count="7"/>
        <line num="110" type="stmt" count="7"/>
        <line num="111" type="stmt" count="7"/>
        <line num="112" type="stmt" count="7"/>
        <line num="119" type="method" name="bootTypes" visibility="protected" complexity="1" crap="1" count="7"/>
        <line num="121" type="stmt" count="7"/>
        <line num="122" type="stmt" count="7"/>
        <line num="123" type="stmt" count="7"/>
        <line num="130" type="method" name="bootSecurity" visibility="protected" complexity="3" crap="3" count="7"/>
        <line num="132" type="stmt" count="7"/>
        <line num="133" type="stmt" count="7"/>
        <line num="134" type="stmt" count="7"/>
        <line num="135" type="stmt" count="7"/>
        <line num="136" type="stmt" count="1"/>
        <line num="138" type="stmt" count="7"/>
        <line num="139" type="stmt" count="1"/>
        <line num="141" type="stmt" count="7"/>
        <line num="148" type="method" name="register" visibility="public" complexity="1" crap="1" count="6"/>
        <line num="150" type="stmt" count="6"/>
        <line num="152" type="stmt" count="6"/>
        <line num="153" type="stmt" count="6"/>
        <line num="160" type="method" name="registerGraphQL" visibility="public" complexity="1" crap="1" count="6"/>
        <line num="163" type="stmt" count="6"/>
        <line num="164" type="stmt" count="6"/>
        <line num="165" type="stmt" count="6"/>
        <line num="166" type="stmt" count="6"/>
        <line num="173" type="method" name="registerCommands" visibility="public" complexity="2" crap="2" count="6"/>
        <line num="176" type="stmt" count="6"/>
        <line num="182" type="stmt" count="6"/>
        <line num="183" type="stmt" count="6"/>
        <line num="186" type="stmt" count="6"/>
        <line num="187" type="stmt" count="6"/>
        <line num="188" type="stmt" count="6"/>
        <line num="189" type="stmt" count="6"/>
        <line num="190" type="stmt" count="6"/>
        <line num="191" type="stmt" count="6"/>
        <line num="193" type="stmt" count="6"/>
        <line num="200" type="method" name="registerMakeSchemaCommand" visibility="public" complexity="1" crap="1" count="6"/>
        <line num="203" type="stmt" count="6"/>
        <line num="204" type="stmt" count="6"/>
        <line num="205" type="stmt" count="6"/>
        <line num="212" type="method" name="registerMakeTypeCommand" visibility="public" complexity="1" crap="1" count="6"/>
        <line num="215" type="stmt" count="6"/>
        <line num="216" type="stmt" count="6"/>
        <line num="217" type="stmt" count="6"/>
        <line num="224" type="method" name="registerMakeQueryCommand" visibility="public" complexity="1" crap="1" count="6"/>
        <line num="227" type="stmt" count="6"/>
        <line num="228" type="stmt" count="6"/>
        <line num="229" type="stmt" count="6"/>
        <line num="236" type="method" name="registerMakeMutationCommand" visibility="public" complexity="1" crap="1" count="6"/>
        <line num="239" type="stmt" count="6"/>
        <line num="240" type="stmt" count="6"/>
        <line num="241" type="stmt" count="6"/>
        <line num="250" type="method" name="anonymous function" complexity="1" crap="1" count="6"/>
        <line num="251" type="stmt" count="6"/>
        <line num="252" type="stmt" count="6"/>
        <line num="253" type="stmt" count="6"/>
        <line num="260" type="method" name="provides" visibility="public" complexity="1" crap="2" count="0"/>
        <line num="263" type="stmt" count="0"/>
        <metrics loc="270" ncloc="175" classes="1" methods="17" coveredmethods="16" conditionals="0" coveredconditionals="0" statements="84" coveredstatements="83" elements="101" coveredelements="99"/>
      </file>
    </package>
    <package name="Folklore\GraphQL\Error">
      <file name="/Users/dmp/Code/laravel-graphql/src/Folklore/GraphQL/Error/ValidationError.php">
        <class name="ValidationError" namespace="Folklore\GraphQL\Error">
          <metrics complexity="4" methods="3" coveredmethods="3" conditionals="0" coveredconditionals="0" statements="4" coveredstatements="4" elements="7" coveredelements="7"/>
        </class>
        <line num="10" type="method" name="setValidator" visibility="public" complexity="1" crap="1" count="1"/>
        <line num="12" type="stmt" count="1"/>
        <line num="13" type="stmt" count="1"/>
        <line num="16" type="method" name="getValidator" visibility="public" complexity="1" crap="1" count="1"/>
        <line num="18" type="stmt" count="1"/>
        <line num="21" type="method" name="getValidatorMessages" visibility="public" complexity="2" crap="2" count="1"/>
        <line num="23" type="stmt" count="1"/>
        <metrics loc="25" ncloc="25" classes="1" methods="3" coveredmethods="3" conditionals="0" coveredconditionals="0" statements="4" coveredstatements="4" elements="7" coveredelements="7"/>
      </file>
    </package>
    <package name="Folklore\GraphQL\Events">
      <file name="/Users/dmp/Code/laravel-graphql/src/Folklore/GraphQL/Events/SchemaAdded.php">
        <class name="SchemaAdded" namespace="Folklore\GraphQL\Events">
          <metrics complexity="1" methods="1" coveredmethods="1" conditionals="0" coveredconditionals="0" statements="3" coveredstatements="3" elements="4" coveredelements="4"/>
        </class>
        <line num="8" type="method" name="__construct" visibility="public" complexity="1" crap="1" count="6"/>
        <line num="10" type="stmt" count="6"/>
        <line num="11" type="stmt" count="6"/>
        <line num="12" type="stmt" count="6"/>
        <metrics loc="13" ncloc="13" classes="1" methods="1" coveredmethods="1" conditionals="0" coveredconditionals="0" statements="3" coveredstatements="3" elements="4" coveredelements="4"/>
      </file>
      <file name="/Users/dmp/Code/laravel-graphql/src/Folklore/GraphQL/Events/TypeAdded.php">
        <class name="TypeAdded" namespace="Folklore\GraphQL\Events">
          <metrics complexity="1" methods="1" coveredmethods="1" conditionals="0" coveredconditionals="0" statements="3" coveredstatements="3" elements="4" coveredelements="4"/>
        </class>
        <line num="8" type="method" name="__construct" visibility="public" complexity="1" crap="1" count="6"/>
        <line num="10" type="stmt" count="6"/>
        <line num="11" type="stmt" count="6"/>
        <line num="12" type="stmt" count="6"/>
        <metrics loc="13" ncloc="13" classes="1" methods="1" coveredmethods="1" conditionals="0" coveredconditionals="0" statements="3" coveredstatements="3" elements="4" coveredelements="4"/>
      </file>
    </package>
    <package name="Folklore\GraphQL\Exception">
      <file name="/Users/dmp/Code/laravel-graphql/src/Folklore/GraphQL/Exception/SchemaNotFound.php">
        <class name="SchemaNotFound" namespace="Folklore\GraphQL\Exception">
          <metrics complexity="0" methods="0" coveredmethods="0" conditionals="0" coveredconditionals="0" statements="0" coveredstatements="0" elements="0" coveredelements="0"/>
        </class>
        <metrics loc="7" ncloc="7" classes="0" methods="0" coveredmethods="0" conditionals="0" coveredconditionals="0" statements="0" coveredstatements="0" elements="0" coveredelements="0"/>
      </file>
      <file name="/Users/dmp/Code/laravel-graphql/src/Folklore/GraphQL/Exception/TypeNotFound.php">
        <class name="TypeNotFound" namespace="Folklore\GraphQL\Exception">
          <metrics complexity="0" methods="0" coveredmethods="0" conditionals="0" coveredconditionals="0" statements="0" coveredstatements="0" elements="0" coveredelements="0"/>
        </class>
        <metrics loc="7" ncloc="7" classes="0" methods="0" coveredmethods="0" conditionals="0" coveredconditionals="0" statements="0" coveredstatements="0" elements="0" coveredelements="0"/>
      </file>
    </package>
    <package name="Folklore\GraphQL\Relay">
      <file name="/Users/dmp/Code/laravel-graphql/src/Folklore/GraphQL/Relay/ConnectionEdgeType.php">
        <class name="ConnectionEdgeType" namespace="Folklore\GraphQL\Relay">
          <metrics complexity="2" methods="2" coveredmethods="2" conditionals="0" coveredconditionals="0" statements="3" coveredstatements="3" elements="5" coveredelements="5"/>
        </class>
        <line num="11" type="method" name="fields" visibility="protected" complexity="1" crap="1" count="1"/>
        <line num="15" type="stmt" count="1"/>
        <line num="18" type="stmt" count="1"/>
        <line num="23" type="method" name="toType" visibility="public" complexity="1" crap="1" count="1"/>
        <line num="25" type="stmt" count="1"/>
        <metrics loc="27" ncloc="27" classes="1" methods="2" coveredmethods="2" conditionals="0" coveredconditionals="0" statements="3" coveredstatements="3" elements="5" coveredelements="5"/>
      </file>
      <file name="/Users/dmp/Code/laravel-graphql/src/Folklore/GraphQL/Relay/EdgeObjectType.php">
        <class name="EdgeObjectType" namespace="Folklore\GraphQL\Relay">
          <metrics complexity="5" methods="3" coveredmethods="3" conditionals="0" coveredconditionals="0" statements="7" coveredstatements="7" elements="10" coveredelements="10"/>
        </class>
        <line num="11" type="method" name="setEdgeType" visibility="public" complexity="2" crap="2" count="1"/>
        <line num="13" type="stmt" count="1"/>
        <line num="14" type="stmt" count="1"/>
        <line num="15" type="method" name="anonymous function" complexity="2" crap="2" count="1"/>
        <line num="16" type="stmt" count="1"/>
        <line num="17" type="stmt" count="1"/>
        <line num="18" type="stmt" count="1"/>
        <line num="19" type="stmt" count="1"/>
        <line num="20" type="stmt" count="1"/>
        <line num="22" type="stmt" count="1"/>
        <line num="25" type="method" name="getEdgeType" visibility="public" complexity="1" crap="1" count="1"/>
        <line num="27" type="stmt" count="1"/>
        <metrics loc="29" ncloc="29" classes="1" methods="3" coveredmethods="3" conditionals="0" coveredconditionals="0" statements="9" coveredstatements="9" elements="12" coveredelements="12"/>
      </file>
      <file name="/Users/dmp/Code/laravel-graphql/src/Folklore/GraphQL/Relay/EdgesCollection.php">
        <class name="EdgesCollection" namespace="Folklore\GraphQL\Relay">
          <metrics complexity="8" methods="8" coveredmethods="8" conditionals="0" coveredconditionals="0" statements="12" coveredstatements="12" elements="20" coveredelements="20"/>
        </class>
        <line num="14" type="method" name="setHasNextPage" visibility="public" complexity="1" crap="1" count="1"/>
        <line num="16" type="stmt" count="1"/>
        <line num="17" type="stmt" count="1"/>
        <line num="19" type="method" name="getHasNextPage" visibility="public" complexity="1" crap="1" count="1"/>
        <line num="21" type="stmt" count="1"/>
        <line num="24" type="method" name="setHasPreviousPage" visibility="public" complexity="1" crap="1" count="1"/>
        <line num="26" type="stmt" count="1"/>
        <line num="27" type="stmt" count="1"/>
        <line num="29" type="method" name="getHasPreviousPage" visibility="public" complexity="1" crap="1" count="1"/>
        <line num="31" type="stmt" count="1"/>
        <line num="34" type="method" name="setStartCursor" visibility="public" complexity="1" crap="1" count="1"/>
        <line num="36" type="stmt" count="1"/>
        <line num="37" type="stmt" count="1"/>
        <line num="39" type="method" name="getStartCursor" visibility="public" complexity="1" crap="1" count="1"/>
        <line num="41" type="stmt" count="1"/>
        <line num="44" type="method" name="setEndCursor" visibility="public" complexity="1" crap="1" count="1"/>
        <line num="46" type="stmt" count="1"/>
        <line num="47" type="stmt" count="1"/>
        <line num="49" type="method" name="getEndCursor" visibility="public" complexity="1" crap="1" count="1"/>
        <line num="51" type="stmt" count="1"/>
        <metrics loc="53" ncloc="53" classes="1" methods="8" coveredmethods="8" conditionals="0" coveredconditionals="0" statements="12" coveredstatements="12" elements="20" coveredelements="20"/>
      </file>
      <file name="/Users/dmp/Code/laravel-graphql/src/Folklore/GraphQL/Relay/MutationResponse.php">
        <class name="MutationResponse" namespace="Folklore\GraphQL\Relay">
          <metrics complexity="5" methods="0" coveredmethods="0" conditionals="0" coveredconditionals="0" statements="0" coveredstatements="0" elements="0" coveredelements="0"/>
        </class>
        <metrics loc="33" ncloc="33" classes="0" methods="0" coveredmethods="0" conditionals="0" coveredconditionals="0" statements="0" coveredstatements="0" elements="0" coveredelements="0"/>
      </file>
      <file name="/Users/dmp/Code/laravel-graphql/src/Folklore/GraphQL/Relay/NodeIdField.php">
        <class name="NodeIdField" namespace="Folklore\GraphQL\Relay">
          <metrics complexity="6" methods="6" coveredmethods="6" conditionals="0" coveredconditionals="0" statements="9" coveredstatements="9" elements="15" coveredelements="15"/>
        </class>
        <line num="18" type="method" name="type" visibility="protected" complexity="1" crap="1" count="1"/>
        <line num="20" type="stmt" count="1"/>
        <line num="23" type="method" name="setIdResolver" visibility="public" complexity="1" crap="1" count="2"/>
        <line num="25" type="stmt" count="2"/>
        <line num="26" type="stmt" count="2"/>
        <line num="29" type="method" name="getIdResolver" visibility="public" complexity="1" crap="1" count="1"/>
        <line num="31" type="stmt" count="1"/>
        <line num="34" type="method" name="setIdType" visibility="public" complexity="1" crap="1" count="2"/>
        <line num="36" type="stmt" count="2"/>
        <line num="37" type="stmt" count="2"/>
        <line num="40" type="method" name="getIdType" visibility="public" complexity="1" crap="1" count="1"/>
        <line num="42" type="stmt" count="1"/>
        <line num="45" type="method" name="resolve" visibility="public" complexity="1" crap="1" count="1"/>
        <line num="47" type="stmt" count="1"/>
        <line num="48" type="stmt" count="1"/>
        <metrics loc="50" ncloc="50" classes="1" methods="6" coveredmethods="6" conditionals="0" coveredconditionals="0" statements="9" coveredstatements="9" elements="15" coveredelements="15"/>
      </file>
      <file name="/Users/dmp/Code/laravel-graphql/src/Folklore/GraphQL/Relay/NodeInterface.php">
        <class name="NodeInterface" namespace="Folklore\GraphQL\Relay">
          <metrics complexity="3" methods="2" coveredmethods="2" conditionals="0" coveredconditionals="0" statements="4" coveredstatements="4" elements="6" coveredelements="6"/>
        </class>
        <line num="16" type="method" name="fields" visibility="protected" complexity="1" crap="1" count="1"/>
        <line num="20" type="stmt" count="1"/>
        <line num="25" type="method" name="resolveType" visibility="protected" complexity="2" crap="2" count="2"/>
        <line num="27" type="stmt" count="2"/>
        <line num="28" type="stmt" count="1"/>
        <line num="30" type="stmt" count="1"/>
        <metrics loc="32" ncloc="32" classes="1" methods="2" coveredmethods="2" conditionals="0" coveredconditionals="0" statements="4" coveredstatements="4" elements="6" coveredelements="6"/>
      </file>
      <file name="/Users/dmp/Code/laravel-graphql/src/Folklore/GraphQL/Relay/NodeQuery.php">
        <class name="NodeQuery" namespace="Folklore\GraphQL\Relay">
          <metrics complexity="5" methods="3" coveredmethods="3" conditionals="0" coveredconditionals="0" statements="18" coveredstatements="18" elements="21" coveredelements="21"/>
        </class>
        <line num="22" type="method" name="type" visibility="protected" complexity="1" crap="1" count="1"/>
        <line num="24" type="stmt" count="1"/>
        <line num="27" type="method" name="args" visibility="protected" complexity="1" crap="1" count="1"/>
        <line num="31" type="stmt" count="1"/>
        <line num="32" type="stmt" count="1"/>
        <line num="37" type="method" name="resolve" visibility="public" complexity="3" crap="3" count="3"/>
        <line num="39" type="stmt" count="3"/>
        <line num="40" type="stmt" count="3"/>
        <line num="41" type="stmt" count="3"/>
        <line num="42" type="stmt" count="3"/>
        <line num="43" type="stmt" count="3"/>
        <line num="45" type="stmt" count="3"/>
        <line num="46" type="stmt" count="1"/>
        <line num="49" type="stmt" count="2"/>
        <line num="51" type="stmt" count="2"/>
        <line num="52" type="stmt" count="1"/>
        <line num="55" type="stmt" count="1"/>
        <line num="57" type="stmt" count="1"/>
        <line num="58" type="stmt" count="1"/>
        <line num="59" type="stmt" count="1"/>
        <line num="61" type="stmt" count="1"/>
        <metrics loc="63" ncloc="63" classes="1" methods="3" coveredmethods="3" conditionals="0" coveredconditionals="0" statements="18" coveredstatements="18" elements="21" coveredelements="21"/>
      </file>
      <file name="/Users/dmp/Code/laravel-graphql/src/Folklore/GraphQL/Relay/NodeResponse.php">
        <class name="NodeResponse" namespace="Folklore\GraphQL\Relay">
          <metrics complexity="5" methods="4" coveredmethods="4" conditionals="0" coveredconditionals="0" statements="7" coveredstatements="7" elements="11" coveredelements="11"/>
        </class>
        <line num="13" type="method" name="getOriginalNode" visibility="public" complexity="1" crap="1" count="1"/>
        <line num="15" type="stmt" count="1"/>
        <line num="18" type="method" name="setNode" visibility="public" complexity="2" crap="2" count="2"/>
        <line num="20" type="stmt" count="2"/>
        <line num="21" type="stmt" count="2"/>
        <line num="22" type="stmt" count="2"/>
        <line num="24" type="method" name="setType" visibility="public" complexity="1" crap="1" count="1"/>
        <line num="26" type="stmt" count="1"/>
        <line num="27" type="stmt" count="1"/>
        <line num="29" type="method" name="getType" visibility="public" complexity="1" crap="1" count="1"/>
        <line num="31" type="stmt" count="1"/>
        <metrics loc="33" ncloc="33" classes="1" methods="4" coveredmethods="4" conditionals="0" coveredconditionals="0" statements="7" coveredstatements="7" elements="11" coveredelements="11"/>
      </file>
      <file name="/Users/dmp/Code/laravel-graphql/src/Folklore/GraphQL/Relay/PageInfoType.php">
        <class name="PageInfoType" namespace="Folklore\GraphQL\Relay">
          <metrics complexity="1" methods="1" coveredmethods="1" conditionals="0" coveredconditionals="0" statements="4" coveredstatements="4" elements="5" coveredelements="5"/>
        </class>
        <line num="16" type="method" name="fields" visibility="protected" complexity="1" crap="1" count="1"/>
        <line num="20" type="stmt" count="1"/>
        <line num="23" type="stmt" count="1"/>
        <line num="26" type="stmt" count="1"/>
        <line num="29" type="stmt" count="1"/>
        <metrics loc="33" ncloc="33" classes="1" methods="1" coveredmethods="1" conditionals="0" coveredconditionals="0" statements="4" coveredstatements="4" elements="5" coveredelements="5"/>
      </file>
      <file name="/Users/dmp/Code/laravel-graphql/src/Folklore/GraphQL/Relay/Relay.php">
        <class name="Relay" namespace="Folklore\GraphQL\Relay">
          <metrics complexity="11" methods="8" coveredmethods="5" conditionals="0" coveredconditionals="0" statements="28" coveredstatements="12" elements="36" coveredelements="17"/>
        </class>
        <line num="14" type="method" name="__construct" visibility="public" complexity="1" crap="2" count="0"/>
        <line num="16" type="stmt" count="0"/>
        <line num="17" type="stmt" count="0"/>
        <line num="18" type="stmt" count="0"/>
        <line num="20" type="method" name="connectionField" visibility="public" complexity="1" crap="1" count="1"/>
        <line num="22" type="stmt" count="1"/>
        <line num="23" type="stmt" count="1"/>
        <line num="26" type="method" name="connectionFieldFromEdgeType" visibility="public" complexity="1" crap="2" count="0"/>
        <line num="28" type="stmt" count="0"/>
        <line num="29" type="stmt" count="0"/>
        <line num="31" type="stmt" count="0"/>
        <line num="32" type="stmt" count="0"/>
        <line num="34" type="stmt" count="0"/>
        <line num="35" type="stmt" count="0"/>
        <line num="37" type="stmt" count="0"/>
        <line num="38" type="stmt" count="0"/>
        <line num="39" type="stmt" count="0"/>
        <line num="40" type="stmt" count="0"/>
        <line num="43" type="method" name="connectionFieldFromEdgeTypeAndQueryBuilder" visibility="public" complexity="1" crap="2" count="0"/>
        <line num="45" type="stmt" count="0"/>
        <line num="46" type="stmt" count="0"/>
        <line num="47" type="stmt" count="0"/>
        <line num="50" type="method" name="toGlobalId" visibility="public" complexity="1" crap="1" count="1"/>
        <line num="52" type="stmt" count="1"/>
        <line num="55" type="method" name="fromGlobalId" visibility="public" complexity="2" crap="2" count="1"/>
        <line num="57" type="stmt" count="1"/>
        <line num="58" type="stmt" count="1"/>
        <line num="59" type="stmt" count="1"/>
        <line num="60" type="stmt" count="1"/>
        <line num="61" type="stmt" count="1"/>
        <line num="64" type="method" name="getIdFromGlobalId" visibility="public" complexity="2" crap="2" count="1"/>
        <line num="66" type="stmt" count="1"/>
        <line num="67" type="stmt" count="1"/>
        <line num="70" type="method" name="getTypeFromGlobalId" visibility="public" complexity="2" crap="2" count="1"/>
        <line num="72" type="stmt" count="1"/>
        <line num="73" type="stmt" count="1"/>
        <metrics loc="75" ncloc="75" classes="1" methods="8" coveredmethods="5" conditionals="0" coveredconditionals="0" statements="28" coveredstatements="12" elements="36" coveredelements="17"/>
      </file>
      <file name="/Users/dmp/Code/laravel-graphql/src/Folklore/GraphQL/Relay/ServiceProvider.php">
        <class name="ServiceProvider" namespace="Folklore\GraphQL\Relay">
          <metrics complexity="19" methods="0" coveredmethods="0" conditionals="0" coveredconditionals="0" statements="0" coveredstatements="0" elements="0" coveredelements="0"/>
        </class>
        <metrics loc="187" ncloc="121" classes="0" methods="0" coveredmethods="0" conditionals="0" coveredconditionals="0" statements="0" coveredstatements="0" elements="0" coveredelements="0"/>
      </file>
    </package>
    <package name="Folklore\GraphQL\Relay\Console">
      <file name="/Users/dmp/Code/laravel-graphql/src/Folklore/GraphQL/Relay/Console/ConnectionMakeCommand.php">
        <class name="ConnectionMakeCommand" namespace="Folklore\GraphQL\Relay\Console">
          <metrics complexity="4" methods="0" coveredmethods="0" conditionals="0" coveredconditionals="0" statements="0" coveredstatements="0" elements="0" coveredelements="0"/>
        </class>
        <metrics loc="82" ncloc="43" classes="0" methods="0" coveredmethods="0" conditionals="0" coveredconditionals="0" statements="0" coveredstatements="0" elements="0" coveredelements="0"/>
      </file>
      <file name="/Users/dmp/Code/laravel-graphql/src/Folklore/GraphQL/Relay/Console/InputMakeCommand.php">
        <class name="InputMakeCommand" namespace="Folklore\GraphQL\Relay\Console">
          <metrics complexity="4" methods="0" coveredmethods="0" conditionals="0" coveredconditionals="0" statements="0" coveredstatements="0" elements="0" coveredelements="0"/>
        </class>
        <metrics loc="82" ncloc="43" classes="0" methods="0" coveredmethods="0" conditionals="0" coveredconditionals="0" statements="0" coveredstatements="0" elements="0" coveredelements="0"/>
      </file>
      <file name="/Users/dmp/Code/laravel-graphql/src/Folklore/GraphQL/Relay/Console/MutationMakeCommand.php">
        <class name="MutationMakeCommand" namespace="Folklore\GraphQL\Relay\Console">
          <metrics complexity="4" methods="0" coveredmethods="0" conditionals="0" coveredconditionals="0" statements="0" coveredstatements="0" elements="0" coveredelements="0"/>
        </class>
        <metrics loc="82" ncloc="43" classes="0" methods="0" coveredmethods="0" conditionals="0" coveredconditionals="0" statements="0" coveredstatements="0" elements="0" coveredelements="0"/>
      </file>
      <file name="/Users/dmp/Code/laravel-graphql/src/Folklore/GraphQL/Relay/Console/NodeMakeCommand.php">
        <class name="NodeMakeCommand" namespace="Folklore\GraphQL\Relay\Console">
          <metrics complexity="4" methods="0" coveredmethods="0" conditionals="0" coveredconditionals="0" statements="0" coveredstatements="0" elements="0" coveredelements="0"/>
        </class>
        <metrics loc="82" ncloc="43" classes="0" methods="0" coveredmethods="0" conditionals="0" coveredconditionals="0" statements="0" coveredstatements="0" elements="0" coveredelements="0"/>
      </file>
      <file name="/Users/dmp/Code/laravel-graphql/src/Folklore/GraphQL/Relay/Console/PayloadMakeCommand.php">
        <class name="PayloadMakeCommand" namespace="Folklore\GraphQL\Relay\Console">
          <metrics complexity="4" methods="0" coveredmethods="0" conditionals="0" coveredconditionals="0" statements="0" coveredstatements="0" elements="0" coveredelements="0"/>
        </class>
        <metrics loc="82" ncloc="43" classes="0" methods="0" coveredmethods="0" conditionals="0" coveredconditionals="0" statements="0" coveredstatements="0" elements="0" coveredelements="0"/>
      </file>
    </package>
    <package name="Folklore\GraphQL\Relay\Exception">
      <file name="/Users/dmp/Code/laravel-graphql/src/Folklore/GraphQL/Relay/Exception/NodeInvalid.php">
        <class name="NodeInvalid" namespace="Folklore\GraphQL\Relay\Exception">
          <metrics complexity="0" methods="0" coveredmethods="0" conditionals="0" coveredconditionals="0" statements="0" coveredstatements="0" elements="0" coveredelements="0"/>
        </class>
        <metrics loc="7" ncloc="7" classes="0" methods="0" coveredmethods="0" conditionals="0" coveredconditionals="0" statements="0" coveredstatements="0" elements="0" coveredelements="0"/>
      </file>
      <file name="/Users/dmp/Code/laravel-graphql/src/Folklore/GraphQL/Relay/Exception/NodeRootInvalid.php">
        <class name="NodeRootInvalid" namespace="Folklore\GraphQL\Relay\Exception">
          <metrics complexity="0" methods="0" coveredmethods="0" conditionals="0" coveredconditionals="0" statements="0" coveredstatements="0" elements="0" coveredelements="0"/>
        </class>
        <metrics loc="7" ncloc="7" classes="0" methods="0" coveredmethods="0" conditionals="0" coveredconditionals="0" statements="0" coveredstatements="0" elements="0" coveredelements="0"/>
      </file>
    </package>
    <package name="Folklore\GraphQL\Relay\Support">
      <file name="/Users/dmp/Code/laravel-graphql/src/Folklore/GraphQL/Relay/Support/ConnectionField.php">
        <class name="ConnectionField" namespace="Folklore\GraphQL\Relay\Support">
          <metrics complexity="0" methods="0" coveredmethods="0" conditionals="0" coveredconditionals="0" statements="0" coveredstatements="0" elements="0" coveredelements="0"/>
        </class>
        <metrics loc="13" ncloc="13" classes="0" methods="0" coveredmethods="0" conditionals="0" coveredconditionals="0" statements="0" coveredstatements="0" elements="0" coveredelements="0"/>
      </file>
      <file name="/Users/dmp/Code/laravel-graphql/src/Folklore/GraphQL/Relay/Support/ConnectionType.php">
        <class name="ConnectionType" namespace="Folklore\GraphQL\Relay\Support">
          <metrics complexity="20" methods="0" coveredmethods="0" conditionals="0" coveredconditionals="0" statements="0" coveredstatements="0" elements="0" coveredelements="0"/>
        </class>
        <metrics loc="116" ncloc="116" classes="0" methods="0" coveredmethods="0" conditionals="0" coveredconditionals="0" statements="0" coveredstatements="0" elements="0" coveredelements="0"/>
      </file>
      <file name="/Users/dmp/Code/laravel-graphql/src/Folklore/GraphQL/Relay/Support/InputType.php">
        <class name="InputType" namespace="Folklore\GraphQL\Relay\Support">
          <metrics complexity="0" methods="0" coveredmethods="0" conditionals="0" coveredconditionals="0" statements="0" coveredstatements="0" elements="0" coveredelements="0"/>
        </class>
        <metrics loc="13" ncloc="13" classes="0" methods="0" coveredmethods="0" conditionals="0" coveredconditionals="0" statements="0" coveredstatements="0" elements="0" coveredelements="0"/>
      </file>
      <file name="/Users/dmp/Code/laravel-graphql/src/Folklore/GraphQL/Relay/Support/Mutation.php">
        <class name="Mutation" namespace="Folklore\GraphQL\Relay\Support">
          <metrics complexity="8" methods="0" coveredmethods="0" conditionals="0" coveredconditionals="0" statements="0" coveredstatements="0" elements="0" coveredelements="0"/>
        </class>
        <metrics loc="58" ncloc="58" classes="0" methods="0" coveredmethods="0" conditionals="0" coveredconditionals="0" statements="0" coveredstatements="0" elements="0" coveredelements="0"/>
      </file>
      <file name="/Users/dmp/Code/laravel-graphql/src/Folklore/GraphQL/Relay/Support/NodeType.php">
        <class name="NodeType" namespace="Folklore\GraphQL\Relay\Support">
          <metrics complexity="0" methods="0" coveredmethods="0" conditionals="0" coveredconditionals="0" statements="0" coveredstatements="0" elements="0" coveredelements="0"/>
        </class>
        <metrics loc="11" ncloc="11" classes="0" methods="0" coveredmethods="0" conditionals="0" coveredconditionals="0" statements="0" coveredstatements="0" elements="0" coveredelements="0"/>
      </file>
      <file name="/Users/dmp/Code/laravel-graphql/src/Folklore/GraphQL/Relay/Support/PayloadType.php">
        <class name="PayloadType" namespace="Folklore\GraphQL\Relay\Support">
          <metrics complexity="0" methods="0" coveredmethods="0" conditionals="0" coveredconditionals="0" statements="0" coveredstatements="0" elements="0" coveredelements="0"/>
        </class>
        <metrics loc="11" ncloc="11" classes="0" methods="0" coveredmethods="0" conditionals="0" coveredconditionals="0" statements="0" coveredstatements="0" elements="0" coveredelements="0"/>
      </file>
    </package>
    <package name="Folklore\GraphQL\Relay\Support\Facades">
      <file name="/Users/dmp/Code/laravel-graphql/src/Folklore/GraphQL/Relay/Support/Facades/Relay.php">
        <class name="Relay" namespace="Folklore\GraphQL\Relay\Support\Facades">
          <metrics complexity="1" methods="1" coveredmethods="0" conditionals="0" coveredconditionals="0" statements="1" coveredstatements="0" elements="2" coveredelements="0"/>
        </class>
        <line num="12" type="method" name="getFacadeAccessor" visibility="protected" complexity="1" crap="2" count="0"/>
        <line num="14" type="stmt" count="0"/>
        <metrics loc="16" ncloc="11" classes="1" methods="1" coveredmethods="0" conditionals="0" coveredconditionals="0" statements="1" coveredstatements="0" elements="2" coveredelements="0"/>
      </file>
    </package>
    <file name="/Users/dmp/Code/laravel-graphql/src/Folklore/GraphQL/Relay/Support/NodeContract.php">
      <metrics loc="8" ncloc="8" classes="0" methods="0" coveredmethods="0" conditionals="0" coveredconditionals="0" statements="0" coveredstatements="0" elements="0" coveredelements="0"/>
    </file>
    <package name="Folklore\GraphQL\Relay\Support\Traits">
      <file name="/Users/dmp/Code/laravel-graphql/src/Folklore/GraphQL/Relay/Support/Traits/FieldIsConnection.php">
        <class name="FieldIsConnection" namespace="Folklore\GraphQL\Relay\Support\Traits">
          <metrics complexity="2" methods="2" coveredmethods="0" conditionals="0" coveredconditionals="0" statements="11" coveredstatements="0" elements="13" coveredelements="0"/>
        </class>
        <line num="9" type="method" name="connectionArgs" visibility="protected" complexity="1" crap="2" count="0"/>
        <line num="13" type="stmt" count="0"/>
        <line num="14" type="stmt" count="0"/>
        <line num="17" type="stmt" count="0"/>
        <line num="18" type="stmt" count="0"/>
        <line num="21" type="stmt" count="0"/>
        <line num="22" type="stmt" count="0"/>
        <line num="25" type="stmt" count="0"/>
        <line num="26" type="stmt" count="0"/>
        <line num="31" type="method" name="getArgs" visibility="public" complexity="1" crap="2" count="0"/>
        <line num="33" type="stmt" count="0"/>
        <line num="35" type="stmt" count="0"/>
        <line num="37" type="stmt" count="0"/>
        <metrics loc="39" ncloc="39" classes="1" methods="2" coveredmethods="0" conditionals="0" coveredconditionals="0" statements="11" coveredstatements="0" elements="13" coveredelements="0"/>
      </file>
      <file name="/Users/dmp/Code/laravel-graphql/src/Folklore/GraphQL/Relay/Support/Traits/HasClientMutationIdField.php">
        <class name="HasClientMutationIdField" namespace="Folklore\GraphQL\Relay\Support\Traits">
          <metrics complexity="1" methods="1" coveredmethods="0" conditionals="0" coveredconditionals="0" statements="4" coveredstatements="0" elements="5" coveredelements="0"/>
        </class>
        <line num="11" type="method" name="getFields" visibility="public" complexity="1" crap="2" count="0"/>
        <line num="13" type="stmt" count="0"/>
        <line num="15" type="stmt" count="0"/>
        <line num="16" type="stmt" count="0"/>
        <line num="19" type="stmt" count="0"/>
        <metrics loc="21" ncloc="21" classes="1" methods="1" coveredmethods="0" conditionals="0" coveredconditionals="0" statements="4" coveredstatements="0" elements="5" coveredelements="0"/>
      </file>
      <file name="/Users/dmp/Code/laravel-graphql/src/Folklore/GraphQL/Relay/Support/Traits/ResolvesFromQueryBuilder.php">
        <class name="ResolvesFromQueryBuilder" namespace="Folklore\GraphQL\Relay\Support\Traits">
          <metrics complexity="19" methods="11" coveredmethods="0" conditionals="0" coveredconditionals="0" statements="56" coveredstatements="0" elements="67" coveredelements="0"/>
        </class>
        <line num="13" type="method" name="getQueryBuilderResolver" visibility="public" complexity="1" crap="2" count="0"/>
        <line num="15" type="stmt" count="0"/>
        <line num="18" type="method" name="setQueryBuilderResolver" visibility="public" complexity="1" crap="2" count="0"/>
        <line num="20" type="stmt" count="0"/>
        <line num="21" type="stmt" count="0"/>
        <line num="24" type="method" name="scopeAfter" visibility="protected" complexity="1" crap="2" count="0"/>
        <line num="26" type="stmt" count="0"/>
        <line num="27" type="stmt" count="0"/>
        <line num="29" type="method" name="scopeBefore" visibility="protected" complexity="1" crap="2" count="0"/>
        <line num="31" type="stmt" count="0"/>
        <line num="32" type="stmt" count="0"/>
        <line num="34" type="method" name="scopeFirst" visibility="protected" complexity="1" crap="2" count="0"/>
        <line num="36" type="stmt" count="0"/>
        <line num="37" type="stmt" count="0"/>
        <line num="38" type="stmt" count="0"/>
        <line num="40" type="method" name="scopeLast" visibility="protected" complexity="1" crap="2" count="0"/>
        <line num="42" type="stmt" count="0"/>
        <line num="43" type="stmt" count="0"/>
        <line num="44" type="stmt" count="0"/>
        <line num="46" type="method" name="getCountFromQuery" visibility="protected" complexity="1" crap="2" count="0"/>
        <line num="48" type="stmt" count="0"/>
        <line num="51" type="method" name="resolveQueryBuilderFromRoot" visibility="protected" complexity="3" crap="12" count="0"/>
        <line num="53" type="stmt" count="0"/>
        <line num="54" type="stmt" count="0"/>
        <line num="56" type="stmt" count="0"/>
        <line num="59" type="stmt" count="0"/>
        <line num="60" type="stmt" count="0"/>
        <line num="63" type="stmt" count="0"/>
        <line num="64" type="stmt" count="0"/>
        <line num="67" type="method" name="resolveItemsFromQueryBuilder" visibility="protected" complexity="1" crap="2" count="0"/>
        <line num="69" type="stmt" count="0"/>
        <line num="72" type="method" name="getCollectionFromItems" visibility="protected" complexity="1" crap="2" count="0"/>
        <line num="74" type="stmt" count="0"/>
        <line num="75" type="stmt" count="0"/>
        <line num="76" type="stmt" count="0"/>
        <line num="77" type="stmt" count="0"/>
        <line num="78" type="stmt" count="0"/>
        <line num="79" type="stmt" count="0"/>
        <line num="82" type="method" name="resolve" visibility="public" complexity="7" crap="56" count="0"/>
        <line num="85" type="stmt" count="0"/>
        <line num="86" type="stmt" count="0"/>
        <line num="89" type="stmt" count="0"/>
        <line num="90" type="stmt" count="0"/>
        <line num="91" type="stmt" count="0"/>
        <line num="93" type="stmt" count="0"/>
        <line num="97" type="stmt" count="0"/>
        <line num="98" type="stmt" count="0"/>
        <line num="99" type="stmt" count="0"/>
        <line num="100" type="stmt" count="0"/>
        <line num="102" type="stmt" count="0"/>
        <line num="104" type="stmt" count="0"/>
        <line num="105" type="stmt" count="0"/>
        <line num="106" type="stmt" count="0"/>
        <line num="107" type="stmt" count="0"/>
        <line num="110" type="stmt" count="0"/>
        <line num="111" type="stmt" count="0"/>
        <line num="114" type="stmt" count="0"/>
        <line num="115" type="stmt" count="0"/>
        <line num="118" type="stmt" count="0"/>
        <line num="119" type="stmt" count="0"/>
        <line num="122" type="stmt" count="0"/>
        <line num="124" type="stmt" count="0"/>
        <line num="125" type="stmt" count="0"/>
        <line num="127" type="stmt" count="0"/>
        <line num="128" type="stmt" count="0"/>
        <line num="129" type="stmt" count="0"/>
        <line num="131" type="stmt" count="0"/>
        <metrics loc="133" ncloc="129" classes="1" methods="11" coveredmethods="0" conditionals="0" coveredconditionals="0" statements="56" coveredstatements="0" elements="67" coveredelements="0"/>
      </file>
      <file name="/Users/dmp/Code/laravel-graphql/src/Folklore/GraphQL/Relay/Support/Traits/TypeIsNode.php">
        <class name="TypeIsNode" namespace="Folklore\GraphQL\Relay\Support\Traits">
          <metrics complexity="7" methods="6" coveredmethods="0" conditionals="0" coveredconditionals="0" statements="18" coveredstatements="0" elements="24" coveredelements="0"/>
        </class>
        <line num="10" type="method" name="getFieldsForObjectType" visibility="public" complexity="1" crap="2" count="0"/>
        <line num="12" type="stmt" count="0"/>
        <line num="14" type="stmt" count="0"/>
        <line num="15" type="stmt" count="0"/>
        <line num="16" type="stmt" count="0"/>
        <line num="17" type="stmt" count="0"/>
        <line num="19" type="stmt" count="0"/>
        <line num="22" type="method" name="getNodeIdField" visibility="protected" complexity="1" crap="2" count="0"/>
        <line num="24" type="stmt" count="0"/>
        <line num="25" type="stmt" count="0"/>
        <line num="26" type="stmt" count="0"/>
        <line num="29" type="method" name="getIdResolverFromFields" visibility="protected" complexity="2" crap="6" count="0"/>
        <line num="31" type="stmt" count="0"/>
        <line num="32" type="stmt" count="0"/>
        <line num="33" type="stmt" count="0"/>
        <line num="37" type="stmt" count="0"/>
        <line num="39" type="method" name="anonymous function" complexity="1" crap="2" count="0"/>
        <line num="41" type="stmt" count="0"/>
        <line num="44" type="stmt" count="0"/>
        <line num="47" type="method" name="relayInterfaces" visibility="protected" complexity="1" crap="2" count="0"/>
        <line num="50" type="stmt" count="0"/>
        <line num="54" type="method" name="getInterfaces" visibility="public" complexity="1" crap="2" count="0"/>
        <line num="56" type="stmt" count="0"/>
        <line num="57" type="stmt" count="0"/>
        <line num="58" type="stmt" count="0"/>
        <metrics loc="60" ncloc="60" classes="1" methods="6" coveredmethods="0" conditionals="0" coveredconditionals="0" statements="19" coveredstatements="0" elements="25" coveredelements="0"/>
      </file>
    </package>
    <package name="Folklore\GraphQL\Support\Facades">
      <file name="/Users/dmp/Code/laravel-graphql/src/Folklore/GraphQL/Support/Facades/GraphQL.php">
        <class name="GraphQL" namespace="Folklore\GraphQL\Support\Facades">
          <metrics complexity="1" methods="1" coveredmethods="1" conditionals="0" coveredconditionals="0" statements="1" coveredstatements="1" elements="2" coveredelements="2"/>
        </class>
        <line num="12" type="method" name="getFacadeAccessor" visibility="protected" complexity="1" crap="1" count="1"/>
        <line num="14" type="stmt" count="1"/>
        <metrics loc="16" ncloc="11" classes="1" methods="1" coveredmethods="1" conditionals="0" coveredconditionals="0" statements="1" coveredstatements="1" elements="2" coveredelements="2"/>
      </file>
    </package>
    <package name="Folklore\GraphQL\Support">
      <file name="/Users/dmp/Code/laravel-graphql/src/Folklore/GraphQL/Support/Field.php">
        <class name="Field" namespace="Folklore\GraphQL\Support">
          <metrics complexity="31" methods="16" coveredmethods="16" conditionals="0" coveredconditionals="0" statements="48" coveredstatements="48" elements="64" coveredelements="64"/>
        </class>
        <line num="9" type="method" name="type" visibility="protected" complexity="1" crap="1" count="1"/>
        <line num="11" type="stmt" count="1"/>
        <line num="14" type="method" name="attributes" visibility="protected" complexity="1" crap="1" count="2"/>
        <line num="16" type="stmt" count="2"/>
        <line num="19" type="method" name="args" visibility="protected" complexity="1" crap="1" count="2"/>
        <line num="21" type="stmt" count="2"/>
        <line num="24" type="method" name="getType" visibility="public" complexity="2" crap="2" count="3"/>
        <line num="26" type="stmt" count="3"/>
        <line num="27" type="stmt" count="3"/>
        <line num="30" type="method" name="setType" visibility="public" complexity="1" crap="1" count="1"/>
        <line num="32" type="stmt" count="1"/>
        <line num="33" type="stmt" count="1"/>
        <line num="36" type="method" name="getArgs" visibility="public" complexity="2" crap="2" count="2"/>
        <line num="38" type="stmt" count="2"/>
        <line num="39" type="stmt" count="2"/>
        <line num="42" type="method" name="setArgs" visibility="public" complexity="1" crap="1" count="1"/>
        <line num="44" type="stmt" count="1"/>
        <line num="45" type="stmt" count="1"/>
        <line num="48" type="method" name="getRootResolver" visibility="public" complexity="3" crap="3" count="3"/>
        <line num="50" type="stmt" count="3"/>
        <line num="51" type="stmt" count="3"/>
        <line num="52" type="stmt" count="1"/>
        <line num="54" type="stmt" count="3"/>
        <line num="57" type="method" name="setRootResolver" visibility="public" complexity="1" crap="1" count="2"/>
        <line num="59" type="stmt" count="2"/>
        <line num="60" type="stmt" count="2"/>
        <line num="70" type="method" name="getResolver" visibility="public" complexity="6" crap="6" count="4"/>
        <line num="72" type="stmt" count="4"/>
        <line num="73" type="stmt" count="4"/>
        <line num="74" type="stmt" count="2"/>
        <line num="77" type="stmt" count="4"/>
        <line num="78" type="stmt" count="1"/>
        <line num="81" type="stmt" count="4"/>
        <line num="83" type="method" name="anonymous function" complexity="3" crap="3" count="4"/>
        <line num="84" type="stmt" count="2"/>
        <line num="85" type="stmt" count="2"/>
        <line num="86" type="stmt" count="2"/>
        <line num="87" type="stmt" count="2"/>
        <line num="90" type="stmt" count="2"/>
        <line num="92" type="stmt" count="2"/>
        <line num="93" type="stmt" count="4"/>
        <line num="102" type="method" name="setResolver" visibility="public" complexity="1" crap="1" count="2"/>
        <line num="104" type="stmt" count="2"/>
        <line num="105" type="stmt" count="2"/>
        <line num="113" type="method" name="getAttributes" visibility="public" complexity="1" crap="1" count="2"/>
        <line num="115" type="stmt" count="2"/>
        <line num="123" type="method" name="toArray" visibility="public" complexity="4" crap="4" count="2"/>
        <line num="125" type="stmt" count="2"/>
        <line num="127" type="stmt" count="2"/>
        <line num="128" type="stmt" count="2"/>
        <line num="129" type="stmt" count="2"/>
        <line num="132" type="stmt" count="2"/>
        <line num="133" type="stmt" count="2"/>
        <line num="134" type="stmt" count="2"/>
        <line num="137" type="stmt" count="2"/>
        <line num="138" type="stmt" count="2"/>
        <line num="139" type="stmt" count="2"/>
        <line num="142" type="stmt" count="2"/>
        <line num="151" type="method" name="__get" visibility="public" complexity="2" crap="2" count="1"/>
        <line num="153" type="stmt" count="1"/>
        <line num="154" type="stmt" count="1"/>
        <line num="163" type="method" name="__isset" visibility="public" complexity="1" crap="1" count="1"/>
        <line num="165" type="stmt" count="1"/>
        <line num="166" type="stmt" count="1"/>
        <metrics loc="168" ncloc="133" classes="1" methods="16" coveredmethods="16" conditionals="0" coveredconditionals="0" statements="48" coveredstatements="48" elements="64" coveredelements="64"/>
      </file>
      <file name="/Users/dmp/Code/laravel-graphql/src/Folklore/GraphQL/Support/InputType.php">
        <class name="InputType" namespace="Folklore\GraphQL\Support">
          <metrics complexity="1" methods="1" coveredmethods="1" conditionals="0" coveredconditionals="0" statements="1" coveredstatements="1" elements="2" coveredelements="2"/>
        </class>
        <line num="12" type="method" name="toType" visibility="public" complexity="1" crap="1" count="1"/>
        <line num="14" type="stmt" count="1"/>
        <metrics loc="16" ncloc="16" classes="1" methods="1" coveredmethods="1" conditionals="0" coveredconditionals="0" statements="1" coveredstatements="1" elements="2" coveredelements="2"/>
      </file>
      <file name="/Users/dmp/Code/laravel-graphql/src/Folklore/GraphQL/Support/InterfaceType.php">
        <class name="InterfaceType" namespace="Folklore\GraphQL\Support">
          <metrics complexity="8" methods="5" coveredmethods="5" conditionals="0" coveredconditionals="0" statements="17" coveredstatements="17" elements="22" coveredelements="22"/>
        </class>
        <line num="9" type="method" name="getTypeResolver" visibility="public" complexity="3" crap="3" count="4"/>
        <line num="11" type="stmt" count="4"/>
        <line num="12" type="stmt" count="4"/>
        <line num="13" type="stmt" count="1"/>
        <line num="16" type="stmt" count="4"/>
        <line num="17" type="stmt" count="1"/>
        <line num="20" type="stmt" count="3"/>
        <line num="21" type="method" name="anonymous function" complexity="1" crap="1" count="3"/>
        <line num="22" type="stmt" count="2"/>
        <line num="23" type="stmt" count="2"/>
        <line num="24" type="stmt" count="3"/>
        <line num="27" type="method" name="setTypeResolver" visibility="public" complexity="1" crap="1" count="1"/>
        <line num="29" type="stmt" count="1"/>
        <line num="30" type="stmt" count="1"/>
        <line num="33" type="method" name="toArray" visibility="public" complexity="2" crap="2" count="2"/>
        <line num="35" type="stmt" count="2"/>
        <line num="36" type="stmt" count="2"/>
        <line num="37" type="stmt" count="2"/>
        <line num="38" type="stmt" count="2"/>
        <line num="40" type="stmt" count="2"/>
        <line num="43" type="method" name="toType" visibility="public" complexity="1" crap="1" count="2"/>
        <line num="45" type="stmt" count="2"/>
        <metrics loc="47" ncloc="47" classes="1" methods="5" coveredmethods="5" conditionals="0" coveredconditionals="0" statements="17" coveredstatements="17" elements="22" coveredelements="22"/>
      </file>
      <file name="/Users/dmp/Code/laravel-graphql/src/Folklore/GraphQL/Support/Query.php">
        <class name="Query" namespace="Folklore\GraphQL\Support">
          <metrics complexity="0" methods="0" coveredmethods="0" conditionals="0" coveredconditionals="0" statements="0" coveredstatements="0" elements="0" coveredelements="0"/>
        </class>
        <metrics loc="8" ncloc="8" classes="0" methods="0" coveredmethods="0" conditionals="0" coveredconditionals="0" statements="0" coveredstatements="0" elements="0" coveredelements="0"/>
      </file>
      <file name="/Users/dmp/Code/laravel-graphql/src/Folklore/GraphQL/Support/Type.php">
        <class name="Type" namespace="Folklore\GraphQL\Support">
          <metrics complexity="26" methods="14" coveredmethods="14" conditionals="0" coveredconditionals="0" statements="39" coveredstatements="39" elements="53" coveredelements="53"/>
        </class>
        <line num="16" type="method" name="attributes" visibility="protected" complexity="1" crap="1" count="2"/>
        <line num="18" type="stmt" count="2"/>
        <line num="26" type="method" name="interfaces" visibility="protected" complexity="1" crap="1" count="2"/>
        <line num="28" type="stmt" count="2"/>
        <line num="35" type="method" name="getFields" visibility="public" complexity="2" crap="2" count="3"/>
        <line num="37" type="stmt" count="3"/>
        <line num="38" type="stmt" count="3"/>
        <line num="46" type="method" name="setFields" visibility="public" complexity="1" crap="1" count="1"/>
        <line num="48" type="stmt" count="1"/>
        <line num="49" type="stmt" count="1"/>
        <line num="52" type="method" name="getFieldsForObjectType" visibility="public" complexity="6" crap="6" count="2"/>
        <line num="54" type="stmt" count="2"/>
        <line num="55" type="stmt" count="2"/>
        <line num="56" type="stmt" count="2"/>
        <line num="57" type="stmt" count="2"/>
        <line num="58" type="stmt" count="2"/>
        <line num="59" type="stmt" count="2"/>
        <line num="60" type="stmt" count="2"/>
        <line num="62" type="stmt" count="2"/>
        <line num="63" type="stmt" count="2"/>
        <line num="64" type="stmt" count="2"/>
        <line num="66" type="stmt" count="2"/>
        <line num="70" type="stmt" count="2"/>
        <line num="73" type="method" name="getInterfaces" visibility="public" complexity="2" crap="2" count="2"/>
        <line num="75" type="stmt" count="2"/>
        <line num="76" type="stmt" count="2"/>
        <line num="79" type="method" name="setInterfaces" visibility="public" complexity="1" crap="1" count="1"/>
        <line num="81" type="stmt" count="1"/>
        <line num="82" type="stmt" count="1"/>
        <line num="85" type="method" name="getFieldResolver" visibility="protected" complexity="3" crap="3" count="2"/>
        <line num="87" type="stmt" count="2"/>
        <line num="88" type="stmt" count="2"/>
        <line num="89" type="stmt" count="1"/>
        <line num="90" type="stmt" count="2"/>
        <line num="91" type="stmt" count="2"/>
        <line num="93" type="stmt" count="1"/>
        <line num="94" type="stmt" count="1"/>
        <line num="95" type="stmt" count="2"/>
        <line num="98" type="stmt" count="2"/>
        <line num="106" type="method" name="getAttributes" visibility="public" complexity="1" crap="1" count="2"/>
        <line num="108" type="stmt" count="2"/>
        <line num="116" type="method" name="toArray" visibility="public" complexity="2" crap="2" count="2"/>
        <line num="118" type="stmt" count="2"/>
        <line num="120" type="method" name="anonymous function" complexity="1" crap="1" count="2"/>
        <line num="121" type="stmt" count="2"/>
        <line num="124" type="stmt" count="2"/>
        <line num="125" type="stmt" count="2"/>
        <line num="126" type="stmt" count="1"/>
        <line num="129" type="stmt" count="2"/>
        <line num="132" type="method" name="toType" visibility="public" complexity="1" crap="1" count="2"/>
        <line num="134" type="stmt" count="2"/>
        <line num="143" type="method" name="__get" visibility="public" complexity="2" crap="2" count="1"/>
        <line num="145" type="stmt" count="1"/>
        <line num="146" type="stmt" count="1"/>
        <line num="155" type="method" name="__isset" visibility="public" complexity="1" crap="1" count="1"/>
        <line num="157" type="stmt" count="1"/>
        <line num="158" type="stmt" count="1"/>
        <metrics loc="160" ncloc="129" classes="1" methods="14" coveredmethods="14" conditionals="0" coveredconditionals="0" statements="43" coveredstatements="43" elements="57" coveredelements="57"/>
      </file>
    </package>
    <package name="Folklore\GraphQL\Support\Traits">
      <file name="/Users/dmp/Code/laravel-graphql/src/Folklore/GraphQL/Support/Traits/ShouldValidate.php">
        <class name="ShouldValidate" namespace="Folklore\GraphQL\Support\Traits">
          <metrics complexity="16" methods="6" coveredmethods="5" conditionals="0" coveredconditionals="0" statements="28" coveredstatements="27" elements="34" coveredelements="32"/>
        </class>
        <line num="11" type="method" name="setRules" visibility="public" complexity="1" crap="1" count="1"/>
        <line num="13" type="stmt" count="1"/>
        <line num="14" type="stmt" count="1"/>
        <line num="17" type="method" name="getRules" visibility="public" complexity="1" crap="1" count="1"/>
        <line num="19" type="stmt" count="1"/>
        <line num="22" type="method" name="getRulesForValidator" visibility="protected" complexity="6" crap="6" count="3"/>
        <line num="24" type="stmt" count="3"/>
        <line num="26" type="stmt" count="3"/>
        <line num="27" type="stmt" count="3"/>
        <line num="28" type="stmt" count="3"/>
        <line num="29" type="stmt" count="3"/>
        <line num="30" type="stmt" count="3"/>
        <line num="31" type="stmt" count="3"/>
        <line num="32" type="stmt" count="3"/>
        <line num="33" type="stmt" count="3"/>
        <line num="34" type="stmt" count="3"/>
        <line num="36" type="stmt" count="3"/>
        <line num="41" type="stmt" count="3"/>
        <line num="44" type="method" name="getValidator" visibility="protected" complexity="1" crap="1" count="3"/>
        <line num="46" type="stmt" count="3"/>
        <line num="49" type="method" name="getResolver" visibility="public" complexity="4" crap="4.59" count="4"/>
        <line num="51" type="stmt" count="4"/>
        <line num="52" type="stmt" count="4"/>
        <line num="53" type="stmt" count="0"/>
        <line num="56" type="method" name="anonymous function" complexity="3" crap="3" count="4"/>
        <line num="57" type="stmt" count="3"/>
        <line num="59" type="stmt" count="3"/>
        <line num="60" type="stmt" count="3"/>
        <line num="61" type="stmt" count="3"/>
        <line num="62" type="stmt" count="3"/>
        <line num="63" type="stmt" count="3"/>
        <line num="64" type="stmt" count="2"/>
        <line num="68" type="stmt" count="1"/>
        <line num="69" type="stmt" count="4"/>
        <metrics loc="71" ncloc="71" classes="1" methods="6" coveredmethods="5" conditionals="0" coveredconditionals="0" statements="28" coveredstatements="27" elements="34" coveredelements="32"/>
      </file>
    </package>
    <package name="Folklore\GraphQL\View">
      <file name="/Users/dmp/Code/laravel-graphql/src/Folklore/GraphQL/View/GraphiQLComposer.php">
        <class name="GraphiQLComposer" namespace="Folklore\GraphQL\View">
          <metrics complexity="1" methods="1" coveredmethods="1" conditionals="0" coveredconditionals="0" statements="2" coveredstatements="2" elements="3" coveredelements="3"/>
        </class>
        <line num="7" type="method" name="compose" visibility="public" complexity="1" crap="1" count="1"/>
        <line num="9" type="stmt" count="1"/>
        <line num="10" type="stmt" count="1"/>
        <metrics loc="11" ncloc="11" classes="1" methods="1" coveredmethods="1" conditionals="0" coveredconditionals="0" statements="2" coveredstatements="2" elements="3" coveredelements="3"/>
      </file>
    </package>
    <metrics files="55" loc="3411" ncloc="2716" classes="32" methods="181" coveredmethods="148" conditionals="0" coveredconditionals="0" statements="654" coveredstatements="520" elements="835" coveredelements="668"/>
  </project>
</coverage>
